[2015-05-02 04:07:39] START
[2015-05-02 04:09:14] EDIT aroygaportal/views/default/user.html: 0
[2015-05-02 04:09:47] EDIT aroygaportal/views/default/user.html: 2
[2015-05-02 04:10:32] EDIT aroygaportal/views/default/user.html: -2
[2015-05-02 04:10:32] EDIT aroygaportal/views/default/user.html: 0
[2015-05-02 04:34:21] EDIT aroygaportal/controllers/default.py: 1
[2015-05-02 04:35:33] EDIT aroygaportal/views/default/index.html: 4
[2015-05-02 04:35:33] EDIT aroygaportal/views/default/index.html: 0
[2015-05-02 04:36:03] EDIT aroygaportal/views/default/index.html: 0
[2015-05-02 04:36:04] EDIT aroygaportal/views/default/index.html: 0
[2015-05-02 04:36:19] EDIT aroygaportal/views/default/index.html: 0
[2015-05-02 22:44:50] EDIT aroygaportal/views/layout.html: 0
[2015-05-02 22:46:02] EDIT aroygaportal/views/layout.html: 2
[2015-05-02 22:48:07] EDIT aroygaportal/views/default/index.html: 0
[2015-05-02 22:49:31] EDIT aroygaportal/views/layout.html: -2
[2015-05-02 22:54:06] EDIT aroygaportal/models/db.py: 1
[2015-05-02 22:57:36] EDIT aroygaportal/views/default/index.html: 9
[2015-05-02 22:57:36] EDIT aroygaportal/views/default/index.html: 0
[2015-05-02 22:58:56] EDIT aroygaportal/models/db.py: 0
[2015-05-02 22:59:31] EDIT aroygaportal/models/db.py: 0
[2015-05-02 23:05:15] EDIT aroygaportal/views/default/index.html: -29
[2015-05-02 23:06:00] EDIT aroygaportal/views/default/index.html: -11
[2015-05-02 23:06:17] EDIT aroygaportal/views/default/index.html: -1
[2015-05-02 23:06:36] EDIT aroygaportal/views/default/index.html: 0
[2015-05-02 23:06:36] EDIT aroygaportal/views/default/index.html: 0
[2015-05-03 01:13:19] EDIT aroygaportal/views/default/index.html: 7
[2015-05-03 01:14:08] EDIT aroygaportal/views/default/index.html: 1
[2015-05-03 01:29:34] EDIT aroygaportal/views/default/index.html: 7
[2015-05-03 01:46:17] EDIT aroygaportal/views/default/index.html: 1
[2015-05-03 01:46:29] EDIT aroygaportal/views/default/index.html: 0
[2015-05-03 01:56:08] EDIT aroygaportal/views/layout.html: 0
[2015-05-03 01:56:48] EDIT aroygaportal/views/layout.html: 0
[2015-05-03 02:23:36] EDIT aroygaportal/controllers/default.py: 1
