[2015-05-01 22:16:05] START
[2015-05-01 22:16:05] CREATE login.py: 0
[2015-05-01 22:28:44] EDIT welcome/views/login/login.html: 28
[2015-05-01 22:49:30] EDIT welcome/models/db.py: 23
[2015-05-02 04:00:51] EDIT welcome/models/db.py: -3
[2015-05-02 04:01:34] EDIT welcome/models/db.py: -1
[2015-05-02 04:01:55] EDIT welcome/models/db.py: -2
[2015-05-02 04:01:57] EDIT welcome/models/db.py: 0
[2015-05-02 04:02:20] EDIT welcome/models/db.py: -6
[2015-05-02 04:02:20] EDIT welcome/models/db.py: 0
[2015-05-02 04:02:35] EDIT welcome/models/db.py: 0
[2015-05-02 04:02:35] EDIT welcome/models/db.py: 0
[2015-05-02 04:03:19] EDIT welcome/models/db.py: 0
[2015-05-02 04:03:51] EDIT welcome/models/db.py: 0
[2015-05-02 04:04:13] EDIT welcome/models/db.py: 0
[2015-05-02 04:04:27] EDIT welcome/models/db.py: 0
[2015-05-02 04:04:27] EDIT welcome/models/db.py: 0
[2015-05-02 04:05:02] EDIT welcome/models/db.py: 6
[2015-05-02 04:07:11] EDIT welcome/models/db.py: -17
[2015-05-02 04:07:11] EDIT welcome/models/db.py: 0
[2015-05-02 04:07:12] EDIT welcome/models/db.py: 0
